FuncAddr			CpuTime		Percentage		SelfTime		Percentage		CallTimes		AvarageSelfTime
0x4ffff07c0c90		345				0.000000%		345				0.000000%		1			345.000000
0x4ffff07c0dd8		84				0.000000%		84				0.000000%		1			84.000000
0x4ffff07c0f20		57				0.000000%		57				0.000000%		1			57.000000
0x4ffff07c10d0		294				0.000000%		294				0.000000%		1			294.000000
0x4ffff0a8c1b8		436279				0.000105%		433991				0.000105%		1			433991.000000
0x4ffff06e8ca8		103248				0.000025%		103248				0.000025%		33			3128.727273
0x4ffff06e295c		280640				0.000068%		277681				0.000067%		33			8414.575758
0x4ffff0866920		36734132				0.008876%		36734132				0.008876%		417648			87.954766
0x4ffff15c0f3c		935288				0.000226%		935288				0.000226%		75			12470.506667
0x4ffff088698c		3783194				0.000914%		3783194				0.000914%		198			19107.040404
0x4ffff15c312c		28558038478				6.900394%		28558038478				6.900394%		164			174134380.963415
0x4ffff15c3070		60578803866				14.637475%		50593663082				12.224796%		164			308497945.621951
0x4ffff0a91d40		74327				0.000018%		74327				0.000018%		165			450.466667
0x4ffff0864ae0		110339951566				26.661113%		110303217434				26.652237%		417648			264105.700097
0x4ffff0a8aef4		70305592				0.016988%		5142440				0.001243%		33			155831.515152
0x4ffff06e2628		29738				0.000007%		29738				0.000007%		66			450.575758
0x4ffff087d1b8		1796431669				0.434066%		121814196				0.029434%		330			369133.927273
0x4ffff08ac4e4		102002100				0.024646%		101999635				0.024646%		1			101999635.000000
0x4ffff07e1c70		5728932402				1.384265%		5414066386				1.308185%		55616			97347.281106
0x4ffff07e2d8c		860479				0.000208%		860479				0.000208%		120			7170.658333
0x4ffff0b4fadc		55791				0.000013%		55791				0.000013%		32			1743.468750
0x4ffff0883ec4		1916940456				0.463185%		1916924239				0.463181%		56			34230789.982143
0x4ffff096d944		437490				0.000106%		437490				0.000106%		486			900.185185
0x4ffff0971a5c		294566				0.000071%		294566				0.000071%		46			6403.608696
0x4ffff15c0dc4		5147004				0.001244%		5147004				0.001244%		37			139108.216216
0x4ffff15c06cc		598659				0.000145%		598659				0.000145%		37			16179.972973
0x4ffff0865750		9955				0.000002%		9955				0.000002%		1			9955.000000
0x4ffff0a8bed4		10705				0.000003%		10705				0.000003%		1			10705.000000
0x4ffff07c80a8		1106				0.000000%		1106				0.000000%		1			1106.000000
0x4ffff07333d8		36				0.000000%		36				0.000000%		1			36.000000
0x4ffff07fe2e4		1456				0.000000%		1456				0.000000%		1			1456.000000
0x4ffff0b206e4		33698				0.000008%		33698				0.000008%		132			255.287879
0x4ffff0b08ed0		15882				0.000004%		15882				0.000004%		33			481.272727
0x4ffff15c2ed0		36493009674				8.817697%		36493009674				8.817697%		6667			5473677.767212
0x4ffff08866dc		125574				0.000030%		125574				0.000030%		198			634.212121
0x4ffff0886488		25563				0.000006%		25563				0.000006%		33			774.636364
0x4ffff0b08a0c		349449579769				84.436458%		949053				0.000229%		33			28759.181818
0x4ffff0877984		237507458				0.057388%		228278126				0.055158%		66			3458759.484848
0x4ffff07eaa54		252059911				0.060904%		33762514				0.008158%		132			255776.621212
0x4ffff0869a78		116803				0.000028%		116803				0.000028%		72			1622.263889
0x4ffff0b58e50		5495				0.000001%		5495				0.000001%		1			5495.000000
0x4ffff0b5018c		8572687				0.002071%		8516896				0.002058%		32			266153.000000
0x4ffff0769a34		409				0.000000%		409				0.000000%		1			409.000000
0x4ffff076986c		683				0.000000%		683				0.000000%		1			683.000000
0x4ffff076a2ac		184622				0.000045%		184622				0.000045%		1			184622.000000
0x4ffff06e9d9c		40899				0.000010%		40899				0.000010%		1			40899.000000
0x4ffff089c02c		1776896531				0.429346%		63277524				0.015290%		340			186110.364706
0x4ffff084c3f4		138103				0.000033%		138103				0.000033%		68			2030.926471
0x4ffff084d510		120788				0.000029%		120788				0.000029%		68			1776.294118
0x4ffff08afc44		14939791				0.003610%		14908928				0.003602%		68			219248.941176
0x4ffff096efc0		2686633				0.000649%		2686633				0.000649%		28			95951.178571
0x4ffff07f5110		333627				0.000081%		333627				0.000081%		1407			237.119403
0x4ffff07e3f4c		8883099985				2.146397%		6743642				0.001629%		63			107041.936508
0x4ffff0779ac4		48527				0.000012%		48527				0.000012%		61			795.524590
0x4ffff077a4b8		32526				0.000008%		32526				0.000008%		301			108.059801
0x4ffff07c1218		367				0.000000%		367				0.000000%		1			367.000000
0x4ffff077c53c		26922960				0.006505%		26922960				0.006505%		112852			238.568745
0x4ffff0787768		989269681				0.239034%		962488593				0.232563%		86			11191727.825581
0x4ffff0787e5c		10034951				0.002425%		8549322				0.002066%		63			135703.523810
0x4ffff06c80a8		132828				0.000032%		73985				0.000018%		14			5284.642857
0x4ffff06c853c		136972				0.000033%		78387				0.000019%		14			5599.071429
0x4ffff06c8e14		138415				0.000033%		78822				0.000019%		14			5630.142857
0x4ffff073f158		182				0.000000%		182				0.000000%		4			45.500000
0x4ffff06e6698		111648547539				26.977305%		13894651				0.003357%		33			421050.030303
0x4ffff096c384		1373				0.000000%		1373				0.000000%		2			686.500000
0x4ffff073efb4		705				0.000000%		705				0.000000%		2			352.500000
0x4ffff088b798		121038				0.000029%		121038				0.000029%		66			1833.909091
0x4ffff0b0dc74		12784				0.000003%		12784				0.000003%		99			129.131313
0x4ffff0a0acb4		389				0.000000%		389				0.000000%		2			194.500000
0x4ffff0a0abb8		71				0.000000%		71				0.000000%		2			35.500000
0x4ffff07a04b8		1048				0.000000%		1048				0.000000%		4			262.000000
0x4ffff0732d8c		18636				0.000005%		18636				0.000005%		72			258.833333
0x4ffff0bad220		822055				0.000199%		821614				0.000199%		1			821614.000000
0x4ffff073c3a0		27258068				0.006586%		38990				0.000009%		2			19495.000000
0x4ffff0a0a8c4		366				0.000000%		366				0.000000%		1			366.000000
0x4ffff15c07e0		2285045				0.000552%		2285045				0.000552%		33			69243.787879
0x4ffff0a0a36c		72				0.000000%		72				0.000000%		2			36.000000
0x4ffff08ac06c		16153				0.000004%		16153				0.000004%		1			16153.000000
0x4ffff0a91b7c		14813				0.000004%		14813				0.000004%		35			423.228571
0x4ffff0a8d4dc		6945555				0.001678%		6903202				0.001668%		1			6903202.000000
0x4ffff09c0f7c		1446425				0.000349%		91474				0.000022%		1			91474.000000
0x4ffff09bb084		98811				0.000024%		73438				0.000018%		1			73438.000000
0x4ffff09bd18c		1122404				0.000271%		1119555				0.000271%		1			1119555.000000
0x4ffff072ae88		484458				0.000117%		484458				0.000117%		1			484458.000000
0x4ffff0b5383c		269495				0.000065%		267872				0.000065%		1			267872.000000
0x4ffff0777280		36				0.000000%		36				0.000000%		1			36.000000
0x4ffff096d2d8		1936				0.000000%		1936				0.000000%		2			968.000000
0x4ffff0b4d6f4		134184				0.000032%		34730				0.000008%		1			34730.000000
0x4ffff0b5b080		10624435				0.002567%		10602680				0.002562%		33			321293.333333
0x4ffff0b1c01c		2201483093				0.531938%		31018236				0.007495%		33			939946.545455
0x4ffff0b20480		6679				0.000002%		6679				0.000002%		33			202.393939
0x4ffff0b04fbc		376206648639				90.901689%		10114744014				2.443995%		33			306507394.363636
0x4ffff0a6b640		19685				0.000005%		19685				0.000005%		1			19685.000000
0x4ffff0bbf640		482573				0.000117%		464770				0.000112%		66			7041.969697
0x4ffff0a0a9c0		872				0.000000%		872				0.000000%		2			436.000000
0x4ffff0b5a7a8		903970				0.000218%		54188				0.000013%		2			27094.000000
0x4ffff0b5e29c		366882360990				88.648689%		5796972				0.001401%		1			5796972.000000
0x4ffff092e22c		50				0.000000%		50				0.000000%		1			50.000000
0x4ffff076ecf4		194440				0.000047%		9818				0.000002%		1			9818.000000
0x4ffff0a8dd20		8193938				0.001980%		7218314				0.001744%		1			7218314.000000
0x4ffff0b09ffc		70811				0.000017%		59983				0.000014%		1			59983.000000
0x4ffff08c6718		163190				0.000039%		163190				0.000039%		421			387.624703
0x4ffff07335a0		49				0.000000%		49				0.000000%		1			49.000000
0x4ffff08afba4		53				0.000000%		53				0.000000%		1			53.000000
0x4ffff07e6fd8		405				0.000000%		405				0.000000%		1			405.000000
0x4ffff0849160		59				0.000000%		59				0.000000%		1			59.000000
0x4ffff07336d0		36				0.000000%		36				0.000000%		1			36.000000
0x4ffff0849238		288				0.000000%		288				0.000000%		1			288.000000
0x4ffff086a2b8		1736				0.000000%		1736				0.000000%		1			1736.000000
0x4ffff09707dc		56739636				0.013710%		45356131				0.010959%		6			7559355.166667
0x4ffff07dbf98		13370260				0.003231%		13370260				0.003231%		73			183154.246575
0x4ffff0a54a04		218320				0.000053%		151127				0.000037%		1			151127.000000
0x4ffff0a10e04		556				0.000000%		556				0.000000%		4			139.000000
0x4ffff08311b8		629				0.000000%		629				0.000000%		3			209.666667
0x4ffff0745600		73				0.000000%		73				0.000000%		1			73.000000
0x4ffff07482bc		54				0.000000%		54				0.000000%		1			54.000000
0x4ffff07e2f8c		19664245				0.004751%		16491987				0.003985%		60			274866.450000
0x4ffff07eeda8		855				0.000000%		855				0.000000%		1			855.000000
0x4ffff072a78c		43070403				0.010407%		43070403				0.010407%		2			21535201.500000
0x4ffff072a3d0		594595961				0.143670%		594595961				0.143670%		422			1408995.168246
0x4ffff07e19e8		317283620				0.076664%		317283620				0.076664%		511188			620.678928
0x4ffff0868d84		845400				0.000204%		845400				0.000204%		2			422700.000000
0x4ffff077a5fc		677				0.000000%		677				0.000000%		2			338.500000
0x4ffff077c0d4		14831				0.000004%		14831				0.000004%		122			121.565574
0x4ffff07f70c8		1917983				0.000463%		1917983				0.000463%		211			9089.966825
0x4ffff07e55dc		655138				0.000158%		339419				0.000082%		1			339419.000000
0x4ffff096dfd4		19139313				0.004625%		18844747				0.004553%		46			409668.413043
0x4ffff0b0dab0		4904				0.000001%		4904				0.000001%		34			144.235294
0x4ffff06cb048		69462				0.000017%		69462				0.000017%		1			69462.000000
0x4ffff077c7dc		310610				0.000075%		310610				0.000075%		1			310610.000000
0x4ffff0788898		1009195644				0.243849%		9891012				0.002390%		1			9891012.000000
0x4ffff06ffc50		676389				0.000163%		676389				0.000163%		2			338194.500000
0x4ffff06ee308		165358				0.000040%		165358				0.000040%		1			165358.000000
0x4ffff15c1e80		53406083				0.012904%		53406083				0.012904%		1041641			51.271103
0x4ffff0748924		14052				0.000003%		14052				0.000003%		1			14052.000000
0x4ffff09c2b60		14747				0.000004%		7326				0.000002%		1			7326.000000
0x4ffff07ff9d4		1245726				0.000301%		1244871				0.000301%		1			1244871.000000
0x4ffff0778244		2340				0.000001%		2340				0.000001%		1			2340.000000
0x4ffff07c8520		8823				0.000002%		8823				0.000002%		1			8823.000000
0x4ffff07c6120		336				0.000000%		336				0.000000%		1			336.000000
0x4ffff070f894		1314				0.000000%		1314				0.000000%		1			1314.000000
0x4ffff0746660		1228				0.000000%		1228				0.000000%		1			1228.000000
0x4ffff0b4c478		706068				0.000171%		58370				0.000014%		1			58370.000000
0x4ffff0b8a4d4		281917				0.000068%		140978				0.000034%		4			35244.500000
0x4ffff07f7844		9081399				0.002194%		8747772				0.002114%		211			41458.635071
0x4ffff0a70678		1342000				0.000324%		278149				0.000067%		1			278149.000000
0x4ffff0a58c80		87116990				0.021050%		640764				0.000155%		1			640764.000000
0x4ffff084f004		14152				0.000003%		14152				0.000003%		1			14152.000000
0x4ffff072dfb4		12885893				0.003114%		867188				0.000210%		85			10202.211765
0x4ffff07fb418		1644				0.000000%		1644				0.000000%		1			1644.000000
0x4ffff08c6554		2749				0.000001%		2749				0.000001%		8			343.625000
0x4ffff0831484		64436				0.000016%		64436				0.000016%		185			348.302703
0x4ffff07c58fc		924				0.000000%		924				0.000000%		2			462.000000
0x4ffff08abf3c		59258				0.000014%		59258				0.000014%		66			897.848485
0x4ffff09d3064		11978				0.000003%		11978				0.000003%		1			11978.000000
0x4ffff07a43d8		140				0.000000%		140				0.000000%		2			70.000000
0x4ffff0a64d3c		2738				0.000001%		2738				0.000001%		1			2738.000000
0x4ffff0a64350		87355436				0.021107%		61291				0.000015%		1			61291.000000
0x4ffff0745ea8		1418				0.000000%		1418				0.000000%		1			1418.000000
0x4ffff15c0514		10579534755				2.556301%		10526128672				2.543397%		1			10526128672.000000
0x4ffff09694c8		915				0.000000%		915				0.000000%		1			915.000000
0x4ffff09b9d64		4865				0.000001%		4865				0.000001%		1			4865.000000
0x4ffff07c5a5c		535				0.000000%		535				0.000000%		1			535.000000
0x4ffff07c13c8		5335				0.000001%		5335				0.000001%		1			5335.000000
0x4ffff09ca2d8		3182				0.000001%		3182				0.000001%		1			3182.000000
0x4ffff0779e94		1518				0.000000%		1518				0.000000%		2			759.000000
0x4ffff07b5524		11436				0.000003%		11352				0.000003%		1			11352.000000
0x4ffff0742f30		40679642				0.009829%		9477				0.000002%		1			9477.000000
0x4ffff07c77a0		17277				0.000004%		15233				0.000004%		1			15233.000000
0x4ffff0ba02e8		165067				0.000040%		161576				0.000039%		1			161576.000000
0x4ffff09cfad8		940				0.000000%		940				0.000000%		1			940.000000
0x4ffff0965a80		364735				0.000088%		280328				0.000068%		1			280328.000000
0x4ffff07e2ac8		200184				0.000048%		200184				0.000048%		62			3228.774194
0x4ffff07c7638		79				0.000000%		79				0.000000%		1			79.000000
0x4ffff15c1754		42515				0.000010%		42515				0.000010%		7			6073.571429
0x4ffff0b90d14		21755				0.000005%		21755				0.000005%		132			164.810606
0x4ffff0732ccc		133				0.000000%		133				0.000000%		2			66.500000
0x4ffff0b8c9b8		2243954				0.000542%		1224809				0.000296%		1			1224809.000000
0x4ffff07469c8		645				0.000000%		645				0.000000%		1			645.000000
0x4ffff0a39454		23072727				0.005575%		417558				0.000101%		1			417558.000000
0x4ffff086c3b4		18838051				0.004552%		18838051				0.004552%		66			285425.015152
0x4ffff0700900		3236156				0.000782%		3236156				0.000782%		18			179786.444444
0x4ffff070fadc		111317941				0.026897%		87301				0.000021%		1			87301.000000
0x4ffff0963cdc		711				0.000000%		711				0.000000%		1			711.000000
0x4ffff09b3dbc		560120				0.000135%		76608				0.000019%		1			76608.000000
0x4ffff15c13c8		147942601				0.035747%		147942601				0.035747%		13			11380200.076923
0x4ffff07c7438		1857				0.000000%		1857				0.000000%		4			464.250000
0x4ffff077a844		944				0.000000%		944				0.000000%		1			944.000000
0x4ffff0b9bfcc		52662				0.000013%		41429				0.000010%		1			41429.000000
0x4ffff0732ed0		13231				0.000003%		13151				0.000003%		2			6575.500000
0x4ffff0a4bd00		552312				0.000133%		426058				0.000103%		1			426058.000000
0x4ffff0700db8		192496				0.000047%		27138				0.000007%		1			27138.000000
0x4ffff08350b8		3027				0.000001%		3027				0.000001%		1			3027.000000
0x4ffff073e538		60726				0.000015%		23441				0.000006%		2			11720.500000
0x4ffff0a0d2a8		4481535				0.001083%		221337				0.000053%		1			221337.000000
0x4ffff0742b64		3063				0.000001%		3063				0.000001%		1			3063.000000
0x4ffff0a0aabc		87				0.000000%		87				0.000000%		2			43.500000
0x4ffff09d3d60		457133				0.000110%		455234				0.000110%		1			455234.000000
0x4ffff07459d8		932				0.000000%		932				0.000000%		1			932.000000
0x4ffff07ef3f4		31060				0.000008%		31060				0.000008%		1			31060.000000
0x4ffff0834da8		4462				0.000001%		4462				0.000001%		1			4462.000000
0x4ffff07b6508		68				0.000000%		68				0.000000%		1			68.000000
0x4ffff15c1314		151824256				0.036685%		151824256				0.036685%		76			1997687.578947
0x4ffff0736100		32200				0.000008%		32200				0.000008%		2			16100.000000
0x4ffff07c6bd0		2634				0.000001%		2634				0.000001%		20			131.700000
0x4ffff0999138		7304972				0.001765%		2449415				0.000592%		1			2449415.000000
0x4ffff0a65e34		15762027				0.003809%		421076				0.000102%		1			421076.000000
0x4ffff0739d28		51				0.000000%		51				0.000000%		1			51.000000
0x4ffff077a9b0		2054				0.000000%		2054				0.000000%		11			186.727273
0x4ffff0b20560		3705				0.000001%		3705				0.000001%		1			3705.000000
0x4ffff07a0764		1014384058				0.245103%		157364				0.000038%		1			157364.000000
0x4ffff0747920		351				0.000000%		351				0.000000%		3			117.000000
0x4ffff09954e0		27777				0.000007%		27777				0.000007%		1			27777.000000
0x4ffff07331b0		55				0.000000%		55				0.000000%		1			55.000000
0x4ffff07c64cc		285				0.000000%		285				0.000000%		1			285.000000
0x4ffff073435c		108				0.000000%		108				0.000000%		2			54.000000
0x4ffff0736010		58				0.000000%		58				0.000000%		1			58.000000
0x4ffff0800470		1381392				0.000334%		87242				0.000021%		1			87242.000000
0x4ffff06e96f0		21693				0.000005%		21693				0.000005%		1			21693.000000
0x4ffff082a504		128688				0.000031%		128688				0.000031%		3405			37.793833
0x4ffff0777d78		15115				0.000004%		15115				0.000004%		185			81.702703
0x4ffff07c4cf0		1297				0.000000%		1297				0.000000%		3			432.333333
0x4ffff0733638		58				0.000000%		58				0.000000%		1			58.000000
0x4ffff06caa48		622484				0.000150%		553022				0.000134%		106			5217.188679
0x4ffff07349c4		1863				0.000000%		1863				0.000000%		15			124.200000
0x4ffff073f230		22132				0.000005%		19026				0.000005%		1			19026.000000
0x4ffff0734728		597				0.000000%		597				0.000000%		3			199.000000
0x4ffff07c4a60		95				0.000000%		95				0.000000%		1			95.000000
0x4ffff07f000c		16088280332				3.887363%		7203322591				1.740517%		1			7203322591.000000
0x4ffff074779c		2691				0.000001%		2691				0.000001%		4			672.750000
0x4ffff07a4300		461				0.000000%		461				0.000000%		3			153.666667
0x4ffff0b8beb4		240334				0.000058%		80030				0.000019%		1			80030.000000
0x4ffff0a774bc		1348822				0.000326%		6822				0.000002%		1			6822.000000
0x4ffff0a007a8		4583				0.000001%		4583				0.000001%		1			4583.000000
0x4ffff0777318		4182				0.000001%		4182				0.000001%		1			4182.000000
0x4ffff08011c8		4254				0.000001%		4254				0.000001%		1			4254.000000
0x4ffff06c98f0		796				0.000000%		796				0.000000%		2			398.000000
0x4ffff073f658		119313				0.000029%		119313				0.000029%		1			119313.000000
0x4ffff086aa18		12067014				0.002916%		12067014				0.002916%		33			365667.090909
0x4ffff0769c00		379				0.000000%		379				0.000000%		1			379.000000
0x4ffff076f204		19715				0.000005%		19715				0.000005%		2			9857.500000
0x4ffff0832624		221615				0.000054%		218129				0.000053%		1			218129.000000
0x4ffff07460d8		771				0.000000%		771				0.000000%		1			771.000000
0x4ffff0778140		1169				0.000000%		1169				0.000000%		5			233.800000
0x4ffff0778410		260919				0.000063%		48670				0.000012%		1			48670.000000
0x4ffff0801458		14150				0.000003%		14150				0.000003%		1			14150.000000
0x4ffff0980a3c		228781579				0.055280%		29404641				0.007105%		1			29404641.000000
0x4ffff077b628		533				0.000000%		533				0.000000%		2			266.500000
0x4ffff07f6944		681612				0.000165%		13526				0.000003%		1			13526.000000
0x4ffff0733304		968				0.000000%		968				0.000000%		6			161.333333
0x4ffff084d798		1308590				0.000316%		1308590				0.000316%		6			218098.333333
0x4ffff073931c		5481				0.000001%		5481				0.000001%		22			249.136364
0x4ffff07ef110		8884295982				2.146686%		1195997				0.000289%		9639			124.078950
0x4ffff07c4914		1053				0.000000%		1053				0.000000%		3			351.000000
0x4ffff096fed8		3073743				0.000743%		2636253				0.000637%		18			146458.500000
0x4ffff06ca5d4		44460				0.000011%		26591				0.000006%		4			6647.750000
0x4ffff07c7d64		13194				0.000003%		13194				0.000003%		3			4398.000000
0x4ffff07dd100		206134702				0.049808%		206134702				0.049808%		66			3123253.060606
0x4ffff095b848		57367				0.000014%		57367				0.000014%		1			57367.000000
0x4ffff06bbf30		413860984789				99.999994%		1509543563				0.364747%		1			1509543563.000000
0x4ffff087f660		5560098617				1.343470%		3532801075				0.853620%		66			53527289.015152
0x4ffff06c72c8		413861011003				100.000000%		26214				0.000006%		1			26214.000000
0x4ffff0bbf4e8		21630				0.000005%		21495				0.000005%		4			5373.750000
0x4ffff0731740		199672				0.000048%		7176				0.000002%		1			7176.000000
0x4ffff15c2384		2757				0.000001%		2757				0.000001%		4			689.250000
0x4ffff0a0a404		94				0.000000%		94				0.000000%		3			31.333333
0x4ffff077c214		1588875				0.000384%		1588875				0.000384%		1469			1081.603131
0x4ffff15c1214		62781357				0.015170%		62781357				0.015170%		57			1101427.315789
0x4ffff0732c20		1009				0.000000%		1009				0.000000%		6			168.166667
0x4ffff07f4890		16088319137				3.887373%		38805				0.000009%		1			38805.000000
0x4ffff073ee50		533				0.000000%		533				0.000000%		4			133.250000
0x4ffff0744b64		36				0.000000%		36				0.000000%		1			36.000000
0x4ffff0734b1c		965				0.000000%		965				0.000000%		5			193.000000
0x4ffff0746f68		955702				0.000231%		955702				0.000231%		11151			85.705497
0x4ffff09ce95c		1366				0.000000%		1366				0.000000%		1			1366.000000
0x4ffff0733e20		327				0.000000%		327				0.000000%		2			163.500000
0x4ffff0a6a9d0		35				0.000000%		35				0.000000%		1			35.000000
0x4ffff070fa50		55				0.000000%		55				0.000000%		1			55.000000
0x4ffff095dfa0		81806				0.000020%		81711				0.000020%		1			81711.000000
0x4ffff0b9c2cc		305618				0.000074%		279611				0.000068%		1			279611.000000
0x4ffff0780f3c		355531				0.000086%		355531				0.000086%		1			355531.000000
0x4ffff0730030		7509460				0.001814%		65719				0.000016%		1			65719.000000
0x4ffff0736450		16687027				0.004032%		533019				0.000129%		1			533019.000000
0x4ffff077a740		493				0.000000%		493				0.000000%		1			493.000000
0x4ffff0a64f6c		24319				0.000006%		24156				0.000006%		1			24156.000000
0x4ffff09e2b88		117442				0.000028%		113892				0.000028%		1			113892.000000
0x4ffff0866564		912153				0.000220%		912153				0.000220%		1			912153.000000
0x4ffff084e6f4		11375				0.000003%		11375				0.000003%		10			1137.500000
0x4ffff0bbe99c		4480732				0.001083%		115314				0.000028%		1			115314.000000
0x4ffff0747144		281				0.000000%		281				0.000000%		1			281.000000
0x4ffff0b203dc		36				0.000000%		36				0.000000%		1			36.000000
0x4ffff073325c		39				0.000000%		39				0.000000%		1			39.000000
0x4ffff0744454		140				0.000000%		140				0.000000%		3			46.666667
0x4ffff0a872e8		349448626677				84.436228%		127046517024				30.697870%		33			3849894455.272727
0x4ffff0849310		38				0.000000%		38				0.000000%		1			38.000000
0x4ffff073921c		846				0.000000%		846				0.000000%		3			282.000000
0x4ffff07c7238		2843				0.000001%		2843				0.000001%		8			355.375000
0x4ffff0b88d30		336615				0.000081%		336615				0.000081%		6			56102.500000
0x4ffff072e9c4		3460468				0.000836%		224312				0.000054%		28			8011.142857
0x4ffff0a55a20		70537518				0.017044%		70537518				0.017044%		2			35268759.000000
0x4ffff0734918		95				0.000000%		95				0.000000%		2			47.500000
0x4ffff0b744cc		378435455496				91.440229%		321340				0.000078%		1			321340.000000
0x4ffff0777588		7031				0.000002%		6824				0.000002%		1			6824.000000
0x4ffff0a01710		868700				0.000210%		852812				0.000206%		1			852812.000000
0x4ffff0777154		13068				0.000003%		13068				0.000003%		32			408.375000
0x4ffff0969e2c		1504				0.000000%		1504				0.000000%		2			752.000000
0x4ffff0733d78		402				0.000000%		402				0.000000%		2			201.000000
0x4ffff07fb5ec		654183223				0.158068%		46577				0.000011%		1			46577.000000
0x4ffff07447dc		90				0.000000%		90				0.000000%		2			45.000000
0x4ffff0733470		155				0.000000%		155				0.000000%		5			31.000000
0x4ffff0a6ead4		480				0.000000%		480				0.000000%		3			160.000000
0x4ffff07026bc		1107				0.000000%		1107				0.000000%		1			1107.000000
0x4ffff0739db8		17371				0.000004%		6593				0.000002%		1			6593.000000
0x4ffff09434b8		80302				0.000019%		80302				0.000019%		1			80302.000000
0x4ffff07c6254		378				0.000000%		378				0.000000%		1			378.000000
0x4ffff09f999c		35389				0.000009%		35389				0.000009%		4			8847.250000
0x4ffff09b7cd4		665146				0.000161%		186854				0.000045%		1			186854.000000
0x4ffff07c6d18		32087				0.000008%		32087				0.000008%		129			248.736434
0x4ffff08471fc		96047736				0.023208%		109189				0.000026%		1			109189.000000
0x4ffff0963b7c		230				0.000000%		230				0.000000%		1			230.000000
0x4ffff08a21bc		12921434992				3.122168%		5229359039				1.263554%		68			76902338.808824
0x4ffff07449a0		436				0.000000%		436				0.000000%		2			218.000000
0x4ffff06c947c		402940				0.000097%		208898				0.000050%		36			5802.722222
0x4ffff0b08fd4		7031151				0.001699%		85499				0.000021%		1			85499.000000
0x4ffff092e388		10794				0.000003%		10794				0.000003%		2			5397.000000
0x4ffff0776ca4		250				0.000000%		250				0.000000%		2			125.000000
0x4ffff09b3b3c		50518				0.000012%		50518				0.000012%		2			25259.000000
0x4ffff07c8d10		109984673				0.026575%		106061344				0.025627%		1			106061344.000000
0x4ffff0735cc8		432				0.000000%		432				0.000000%		2			216.000000
0x4ffff07c4ba4		184				0.000000%		184				0.000000%		2			92.000000
0x4ffff0700508		12018705				0.002904%		12018705				0.002904%		54			222568.611111
0x4ffff0a4a584		49198				0.000012%		38562				0.000009%		1			38562.000000
0x4ffff0747210		14350				0.000003%		14350				0.000003%		236			60.805085
0x4ffff07c69b8		1330				0.000000%		1330				0.000000%		3			443.333333
0x4ffff0b911b8		70130994				0.016946%		65733592				0.015883%		1			65733592.000000
0x4ffff086e2ac		11702				0.000003%		11702				0.000003%		1			11702.000000
0x4ffff07c6088		36				0.000000%		36				0.000000%		1			36.000000
0x4ffff096be58		1463				0.000000%		1463				0.000000%		1			1463.000000
0x4ffff06c9a44		11097				0.000003%		6901				0.000002%		1			6901.000000
0x4ffff0a64ba4		308				0.000000%		308				0.000000%		1			308.000000
0x4ffff0714120		29319977				0.007084%		39601				0.000010%		1			39601.000000
0x4ffff0746e20		64				0.000000%		64				0.000000%		1			64.000000
0x4ffff07bfa24		21361				0.000005%		21361				0.000005%		1			21361.000000
0x4ffff07c79b0		601470				0.000145%		601470				0.000145%		49			12274.897959
0x4ffff0735ef8		54				0.000000%		54				0.000000%		1			54.000000
0x4ffff0a0aebc		9536096				0.002304%		831267				0.000201%		1			831267.000000
0x4ffff073486c		549				0.000000%		549				0.000000%		15			36.600000
0x4ffff0733508		36				0.000000%		36				0.000000%		1			36.000000
0x4ffff0732fb0		324				0.000000%		324				0.000000%		1			324.000000
0x4ffff07c5318		715				0.000000%		715				0.000000%		1			715.000000
0x4ffff09af384		39				0.000000%		39				0.000000%		1			39.000000
0x4ffff072cb9c		697431				0.000169%		21042				0.000005%		2			10521.000000
0x4ffff0963ae4		52				0.000000%		52				0.000000%		1			52.000000
0x4ffff077b76c		7820				0.000002%		7820				0.000002%		64			122.187500
0x4ffff095b7b0		85				0.000000%		85				0.000000%		2			42.500000
0x4ffff07c50a4		335				0.000000%		335				0.000000%		1			335.000000
0x4ffff07770bc		323				0.000000%		323				0.000000%		1			323.000000
0x4ffff07437dc		670536				0.000162%		369514				0.000089%		8			46189.250000
0x4ffff09b38d0		725				0.000000%		725				0.000000%		2			362.500000
0x4ffff0a557e8		3639				0.000001%		3639				0.000001%		1			3639.000000
0x4ffff0830b34		2496				0.000001%		2496				0.000001%		2			1248.000000
0x4ffff07a0550		72				0.000000%		72				0.000000%		2			36.000000
0x4ffff09c68c0		1122				0.000000%		1122				0.000000%		2			561.000000
0x4ffff096d86c		59				0.000000%		59				0.000000%		1			59.000000
0x4ffff0969760		1233				0.000000%		1233				0.000000%		2			616.500000
0x4ffff07a409c		412				0.000000%		412				0.000000%		2			206.000000
0x4ffff0b9b5b0		503429				0.000122%		55124				0.000013%		1			55124.000000
0x4ffff15c0430		4221662079				1.020068%		4221662079				1.020068%		1			4221662079.000000
0x4ffff09cf738		1061				0.000000%		1061				0.000000%		1			1061.000000
0x4ffff09b9f88		47636				0.000012%		34877				0.000008%		1			34877.000000
0x4ffff06c89a8		138060				0.000033%		78895				0.000019%		14			5635.357143
0x4ffff0a775fc		6060				0.000001%		6060				0.000001%		1			6060.000000
0x4ffff07a3308		336				0.000000%		336				0.000000%		2			168.000000
0x4ffff07c6880		101				0.000000%		101				0.000000%		1			101.000000
0x4ffff077a1a8		54130				0.000013%		54130				0.000013%		122			443.688525
0x4ffff07c6390		98				0.000000%		98				0.000000%		1			98.000000
0x4ffff15c1c08		1461718				0.000353%		1461718				0.000353%		1			1461718.000000
0x4ffff07a05e8		25836				0.000006%		9586				0.000002%		1			9586.000000
0x4ffff0b7fc30		378774529825				91.522158%		325522				0.000079%		1			325522.000000
0x4ffff073ec08		3041				0.000001%		3041				0.000001%		4			760.250000
0x4ffff0a86934		20045				0.000005%		19731				0.000005%		1			19731.000000
0x4ffff0702868		17466				0.000004%		15575				0.000004%		1			15575.000000
0x4ffff0777fc0		353				0.000000%		353				0.000000%		1			353.000000
0x4ffff0a6c880		1043743				0.000252%		1043743				0.000252%		1			1043743.000000
0x4ffff0738ec0		984				0.000000%		984				0.000000%		2			492.000000
0x4ffff070f2a4		539937				0.000130%		539937				0.000130%		33			16361.727273
0x4ffff073a05c		9651				0.000002%		9651				0.000002%		7			1378.714286
0x4ffff0769d7c		6931				0.000002%		6931				0.000002%		2			3465.500000
0x4ffff072d608		7189253				0.001737%		462260				0.000112%		38			12164.736842
0x4ffff0967d1c		5677				0.000001%		5677				0.000001%		2			2838.500000
0x4ffff15c2fc4		478761298				0.115682%		478761298				0.115682%		6834			70055.794264
0x4ffff07f634c		668086				0.000161%		668086				0.000161%		2			334043.000000
0x4ffff070f4b4		3884				0.000001%		3884				0.000001%		1			3884.000000
0x4ffff072da70		4663				0.000001%		4663				0.000001%		1			4663.000000
0x4ffff06d5990		10778				0.000003%		10778				0.000003%		1			10778.000000
0x4ffff0b4fe64		1623				0.000000%		1623				0.000000%		1			1623.000000
0x4ffff072f128		9853				0.000002%		9853				0.000002%		3			3284.333333
0x4ffff072bcc4		71320				0.000017%		71320				0.000017%		17			4195.294118
0x4ffff070105c		854				0.000000%		854				0.000000%		1			854.000000
0x4ffff07a4588		2171				0.000001%		2171				0.000001%		1			2171.000000
0x4ffff0746c20		325				0.000000%		325				0.000000%		1			325.000000
0x4ffff089a574		3388236480				0.818689%		3388236480				0.818689%		670			5057069.373134
0x4ffff083fe44		29858618				0.007215%		44263				0.000011%		1			44263.000000
0x4ffff07014cc		1037				0.000000%		1037				0.000000%		1			1037.000000
0x4ffff15c1b24		3228				0.000001%		3228				0.000001%		1			3228.000000
0x4ffff072c298		25761				0.000006%		25761				0.000006%		5			5152.200000
0x4ffff07ed044		25518849				0.006166%		24311284				0.005874%		7			3473040.571429
0x4ffff15c18bc		1190297				0.000288%		1190297				0.000288%		6			198382.833333
0x4ffff0745690		1023				0.000000%		1023				0.000000%		1			1023.000000
0x4ffff07b4594		321810				0.000078%		318072				0.000077%		1			318072.000000
0x4ffff079ed60		6793				0.000002%		6793				0.000002%		1			6793.000000
0x4ffff07a038c		716				0.000000%		716				0.000000%		9			79.555556
0x4ffff086e040		6143				0.000001%		6143				0.000001%		1			6143.000000
0x4ffff0744328		1431				0.000000%		1431				0.000000%		2			715.500000
0x4ffff06e7450		111664023792				26.981045%		15065586				0.003640%		33			456532.909091
0x4ffff0a6aa5c		13347				0.000003%		13144				0.000003%		1			13144.000000
0x4ffff08493a0		36				0.000000%		36				0.000000%		1			36.000000
0x4ffff0747a88		2155				0.000001%		2155				0.000001%		10			215.500000
0x4ffff09e8774		50694646				0.012249%		879520				0.000213%		1			879520.000000
0x4ffff0777804		1395				0.000000%		1395				0.000000%		2			697.500000
0x4ffff073a398		4896297				0.001183%		4896297				0.001183%		4008			1221.630988
0x4ffff0700110		6726993				0.001625%		6726993				0.001625%		27			249147.888889
0x4ffff0739658		1673				0.000000%		1673				0.000000%		6			278.833333
0x4ffff079c7ec		1013282037				0.244836%		42352				0.000010%		1			42352.000000
0x4ffff0747f28		6242				0.000002%		6242				0.000002%		15			416.133333
0x4ffff07c12f0		294				0.000000%		294				0.000000%		1			294.000000
0x4ffff082aa48		72781				0.000018%		72781				0.000018%		205			355.029268
0x4ffff073956c		18180				0.000004%		18180				0.000004%		178			102.134831
0x4ffff077978c		312654				0.000076%		272051				0.000066%		48			5667.729167
0x4ffff0747c84		8981				0.000002%		8981				0.000002%		6			1496.833333
0x4ffff0746d88		36				0.000000%		36				0.000000%		1			36.000000
0x4ffff07bd73c		24427				0.000006%		24427				0.000006%		1			24427.000000
0x4ffff0777c08		5306				0.000001%		5306				0.000001%		112			47.375000
0x4ffff0afe7e4		9825				0.000002%		9825				0.000002%		1			9825.000000
0x4ffff0744a38		6696				0.000002%		6696				0.000002%		112			59.785714
0x4ffff08395b0		15168				0.000004%		14000				0.000003%		2			7000.000000
0x4ffff07b8cec		432153				0.000104%		110267				0.000027%		1			110267.000000
0x4ffff0bae614		17332432				0.004188%		110560				0.000027%		1			110560.000000
0x4ffff0748618		127				0.000000%		127				0.000000%		1			127.000000
0x4ffff07b66b0		460				0.000000%		460				0.000000%		2			230.000000
0x4ffff07b8b5c		415				0.000000%		415				0.000000%		2			207.500000
0x4ffff07c0ff8		111				0.000000%		111				0.000000%		2			55.500000
0x4ffff07bd5b0		25328				0.000006%		25328				0.000006%		44			575.636364
0x4ffff07c6608		364				0.000000%		364				0.000000%		1			364.000000
0x4ffff07faa5c		609437155				0.147256%		4607303				0.001113%		1			4607303.000000
0x4ffff07f82b0		44017879				0.010636%		181985				0.000044%		1			181985.000000
0x4ffff07fe5cc		275076				0.000066%		275076				0.000066%		201			1368.537313
0x4ffff07b4414		187				0.000000%		187				0.000000%		2			93.500000
0x4ffff07fe874		48424				0.000012%		46523				0.000011%		1			46523.000000
0x4ffff077b8b0		30098				0.000007%		30098				0.000007%		69			436.202899
0x4ffff0748eb0		142087041				0.034332%		393206				0.000095%		1			393206.000000
0x4ffff08312fc		5406				0.000001%		5406				0.000001%		24			225.250000
0x4ffff082ac04		165				0.000000%		165				0.000000%		1			165.000000
0x4ffff0a86804		4744				0.000001%		4744				0.000001%		1			4744.000000
0x4ffff09737e0		198873587				0.048053%		55131621				0.013321%		2			27565810.500000
0x4ffff073b874		37285				0.000009%		27765				0.000007%		4			6941.250000
0x4ffff0842c84		95664583				0.023115%		95459037				0.023065%		1			95459037.000000
0x4ffff07c6df8		3628				0.000001%		3628				0.000001%		3			1209.333333
0x4ffff09974dc		4792003				0.001158%		4596996				0.001111%		1			4596996.000000
0x4ffff0733058		173				0.000000%		173				0.000000%		5			34.600000
0x4ffff0734a70		6192				0.000001%		6192				0.000001%		72			86.000000
0x4ffff0b90b00		713				0.000000%		713				0.000000%		4			178.250000
0x4ffff0733768		95				0.000000%		95				0.000000%		1			95.000000
0x4ffff0963c38		36				0.000000%		36				0.000000%		1			36.000000
0x4ffff0b91048		1060				0.000000%		1060				0.000000%		1			1060.000000
0x4ffff078c6e4		3377900				0.000816%		3173385				0.000767%		1			3173385.000000
0x4ffff0a35cc0		257292				0.000062%		137619				0.000033%		1			137619.000000
0x4ffff07c5520		171				0.000000%		171				0.000000%		1			171.000000
0x4ffff0732b88		36				0.000000%		36				0.000000%		1			36.000000
0x4ffff0777ee8		408				0.000000%		408				0.000000%		2			204.000000
0x4ffff06e2350		3242				0.000001%		3242				0.000001%		1			3242.000000
0x4ffff0941e4c		88				0.000000%		88				0.000000%		2			44.000000
0x4ffff073b470		27219078				0.006577%		22332301				0.005396%		4			5583075.250000
0x4ffff09cd110		214591				0.000052%		189978				0.000046%		2			94989.000000
0x4ffff094651c		635238				0.000153%		188956				0.000046%		1			188956.000000
0x4ffff0747e90		36				0.000000%		36				0.000000%		1			36.000000
0x4ffff0733ca8		57				0.000000%		57				0.000000%		1			57.000000
0x4ffff0830f1c		2374				0.000001%		2374				0.000001%		4			593.500000
0x4ffff07a4714		1229993				0.000297%		228709				0.000055%		1			228709.000000
0x4ffff09c7f40		2544				0.000001%		2544				0.000001%		1			2544.000000
0x4ffff084fdd0		464583				0.000112%		336494				0.000081%		1			336494.000000
0x4ffff0a07720		172455				0.000042%		168991				0.000041%		2			84495.500000
0x4ffff0771f98		3979185				0.000961%		862069				0.000208%		1			862069.000000
0x4ffff07c4f68		68				0.000000%		68				0.000000%		1			68.000000
0x4ffff0739768		336				0.000000%		336				0.000000%		1			336.000000
0x4ffff09723a4		87002330				0.021022%		73486146				0.017756%		14			5249010.428571
0x4ffff0a74768		10692				0.000003%		10635				0.000003%		1			10635.000000
0x4ffff0865a08		932633				0.000225%		20480				0.000005%		1			20480.000000
0x4ffff0a0adb0		1014				0.000000%		1014				0.000000%		6			169.000000
0x4ffff07c15d4		52506				0.000013%		51758				0.000013%		1			51758.000000
0x4ffff09cc058		1726				0.000000%		1726				0.000000%		1			1726.000000
0x4ffff07b65d8		98				0.000000%		98				0.000000%		1			98.000000
0x4ffff07c5b04		3342				0.000001%		3342				0.000001%		2			1671.000000
0x4ffff0a0cd48		9673				0.000002%		9673				0.000002%		1			9673.000000
0x4ffff0839dd4		18743087				0.004529%		800872				0.000194%		1			800872.000000
0x4ffff07fa888		3474				0.000001%		3474				0.000001%		5			694.800000
0x4ffff0733104		39				0.000000%		39				0.000000%		1			39.000000
0x4ffff0733b80		81086				0.000020%		80237				0.000019%		7			11462.428571
0x4ffff07317e0		39				0.000000%		39				0.000000%		1			39.000000
0x4ffff09b57d4		3275				0.000001%		3275				0.000001%		1			3275.000000
0x4ffff06c9280		7872				0.000002%		7872				0.000002%		21			374.857143
0x4ffff07c6744		92				0.000000%		92				0.000000%		1			92.000000
0x4ffff0a49de0		148				0.000000%		148				0.000000%		3			49.333333
0x4ffff07c47d0		174				0.000000%		174				0.000000%		2			87.000000
0x4ffff0b95c80		2865738				0.000692%		2852231				0.000689%		1			2852231.000000
0x4ffff086d2cc		15670				0.000004%		13934				0.000003%		1			13934.000000
0x4ffff07b3fc8		348				0.000000%		348				0.000000%		1			348.000000
0x4ffff08b3860		317997181				0.076837%		111425604				0.026923%		1			111425604.000000
0x4ffff06ca00c		20552				0.000005%		11992				0.000003%		2			5996.000000
0x4ffff0b0ccb4		8454353				0.002043%		189104				0.000046%		1			189104.000000
0x4ffff0739480		131				0.000000%		131				0.000000%		2			65.500000
0x4ffff0731528		19354				0.000005%		16178				0.000004%		1			16178.000000
0x4ffff0b4b1d0		2740256				0.000662%		42829				0.000010%		1			42829.000000
0x4ffff07454d0		36				0.000000%		36				0.000000%		1			36.000000
0x4ffff08b0410		145827				0.000035%		129674				0.000031%		1			129674.000000
0x4ffff096cdac		1221				0.000000%		1221				0.000000%		1			1221.000000
0x4ffff099c8bc		1227902				0.000297%		435552				0.000105%		1			435552.000000
0x4ffff09cc9fc		2669				0.000001%		2669				0.000001%		1			2669.000000
0x4ffff09c4e20		793				0.000000%		793				0.000000%		1			793.000000
0x4ffff0a86fb4		25313				0.000006%		25313				0.000006%		33			767.060606
0x4ffff0a00170		13815				0.000003%		13815				0.000003%		1			13815.000000
0x4ffff0a3651c		22241245				0.005374%		8431527				0.002037%		1			8431527.000000
0x4ffff0a38dc0		110412				0.000027%		110412				0.000027%		1			110412.000000
0x4ffff0830080		12554				0.000003%		12554				0.000003%		3			4184.666667
0x4ffff07462f8		1648				0.000000%		1648				0.000000%		1			1648.000000
0x4ffff09ce8c4		192				0.000000%		192				0.000000%		4			48.000000
0x4ffff09ffb30		44863				0.000011%		44863				0.000011%		4			11215.750000
0x4ffff0a4a03c		10230				0.000002%		10230				0.000002%		10			1023.000000
0x4ffff074873c		1924				0.000000%		1924				0.000000%		15			128.266667
0x4ffff0849438		69				0.000000%		69				0.000000%		2			34.500000
0x4ffff09cfd1c		664				0.000000%		664				0.000000%		1			664.000000
0x4ffff0849504		93				0.000000%		93				0.000000%		2			46.500000
0x4ffff0a49ad0		38				0.000000%		38				0.000000%		1			38.000000
0x4ffff09cecfc		2610				0.000001%		2610				0.000001%		1			2610.000000
0x4ffff0700c9c		3176				0.000001%		3176				0.000001%		1			3176.000000
0x4ffff073a2cc		3106				0.000001%		3106				0.000001%		1			3106.000000
0x4ffff07e03e4		8856206961				2.139899%		3127274559				0.755634%		60			52121242.650000
0x4ffff072b6e4		47741				0.000012%		47741				0.000012%		11			4340.090909
0x4ffff0771c04		4909				0.000001%		4909				0.000001%		1			4909.000000
0x4ffff0b89e68		17326				0.000004%		17326				0.000004%		4			4331.500000
0x4ffff09c3468		14979				0.000004%		10129				0.000002%		1			10129.000000
0x4ffff06e21c4		5235				0.000001%		5235				0.000001%		1			5235.000000
0x4ffff0777a44		41929				0.000010%		41929				0.000010%		64			655.140625
0x4ffff079dfb0		16250				0.000004%		16250				0.000004%		1			16250.000000
